CLIENT_HANDSHAKE_TRAFFIC_SECRET f7f52bae25ee517ed81e726fffc0b81ea5874caa061fcba5d15a7de6f517f763 ca2842aebb6b131c3bcd4a48476b8ba1fdbea426c418e70ce221fae5f9f7a0d4
SERVER_HANDSHAKE_TRAFFIC_SECRET f7f52bae25ee517ed81e726fffc0b81ea5874caa061fcba5d15a7de6f517f763 959d5de16aacf1a8e96da108f0270b92c9bd950abbc88d0f77b4423330a9a27b
CLIENT_TRAFFIC_SECRET_0 f7f52bae25ee517ed81e726fffc0b81ea5874caa061fcba5d15a7de6f517f763 e64fe21664ed0f804227a4ddbb19af230c265b34c2c84a01d8124900265a80e9
SERVER_TRAFFIC_SECRET_0 f7f52bae25ee517ed81e726fffc0b81ea5874caa061fcba5d15a7de6f517f763 5fe9a89777f2c09a150f3d72f4d9b2c36bd5963869c49fd3e6286ab964519ee9
EXPORTER_SECRET f7f52bae25ee517ed81e726fffc0b81ea5874caa061fcba5d15a7de6f517f763 1ae08621f70e8139a20ac01897a282c35d44ae4b950fa0968fc1eec6a6086cdc
CLIENT_RANDOM fea6d9815f9bfa033bd9267f6c6395614db69b7972f8c8fbe343410c9433daf6 435c85bf00d7c7b1fdaf1535f3586de868e95b2e146cf1e1c74ae20edc0716bbd9738b11e4e1834b4ef75c0391c2e143
CLIENT_HANDSHAKE_TRAFFIC_SECRET ac25f658d27c23e9fd391b788a9660ec727cb63598c4ce6eadfbd356e87e6d05 453223c97309e00ba647e3f977132249c25bf5c16aad55f1cbe3633c97d0811d
SERVER_HANDSHAKE_TRAFFIC_SECRET ac25f658d27c23e9fd391b788a9660ec727cb63598c4ce6eadfbd356e87e6d05 12833a3c2e76c3e18cdc5937bbe28c649a6b3ad5003bb2f6f36bb1882ab36bda
CLIENT_TRAFFIC_SECRET_0 ac25f658d27c23e9fd391b788a9660ec727cb63598c4ce6eadfbd356e87e6d05 9a9744b0f7b1b3e4efe63ad30434e3a9c21a527020adbbbb62bc3196c2089f7c
SERVER_TRAFFIC_SECRET_0 ac25f658d27c23e9fd391b788a9660ec727cb63598c4ce6eadfbd356e87e6d05 10960e0828d34858ccb0c6dc30750b396dd61851a51ba28e17370d61ccf8770d
EXPORTER_SECRET ac25f658d27c23e9fd391b788a9660ec727cb63598c4ce6eadfbd356e87e6d05 2844a16888f6cf51c75972210e81658e7cda2ec80cbb966a47f9975eaa369a06
CLIENT_HANDSHAKE_TRAFFIC_SECRET 6c64e8e768979daa8fe0fe3ae2aa1c14ecc85caed6bf7be1e2cb5fdda62a0853 3e1d10beeaf4146b0c8880974b79a037cc671febc56871131a44c8905a61ca9d
SERVER_HANDSHAKE_TRAFFIC_SECRET 6c64e8e768979daa8fe0fe3ae2aa1c14ecc85caed6bf7be1e2cb5fdda62a0853 d33e3a172face6661149ede3de5f1d4f6974ccdd1a821820752fe73be97f1f48
CLIENT_TRAFFIC_SECRET_0 6c64e8e768979daa8fe0fe3ae2aa1c14ecc85caed6bf7be1e2cb5fdda62a0853 295c594a1b20212ae4866fd7dcc0e1ec5f1b7410654f6f305850a7668a55fc98
SERVER_TRAFFIC_SECRET_0 6c64e8e768979daa8fe0fe3ae2aa1c14ecc85caed6bf7be1e2cb5fdda62a0853 b4d17df03b9f792796033f1a41d363683fa3358fcbf377a43e05ce3d6694c850
EXPORTER_SECRET 6c64e8e768979daa8fe0fe3ae2aa1c14ecc85caed6bf7be1e2cb5fdda62a0853 1ee81011501e4ffe3f3e75988cd2644e36a1c327987a11f9e431c7ba05c51d0c
CLIENT_HANDSHAKE_TRAFFIC_SECRET 4805ea216b2536828c622fcbccdf0999f1c1d21cb0197d2e9fcfd5cf7bb1c4af 4741fa11be8ebfbd9ea2546ebe49a673cb09ca197e6c2b72f9ecb1f962495002d826200f7ace9da85bb014a08bdc016a
SERVER_HANDSHAKE_TRAFFIC_SECRET 4805ea216b2536828c622fcbccdf0999f1c1d21cb0197d2e9fcfd5cf7bb1c4af 58ff61d218aef72f6c31130f4fc4bac482031528fb396f733ee7b2dcffcce786d764b6a11e71ae64f67b7919eec63a38
CLIENT_TRAFFIC_SECRET_0 4805ea216b2536828c622fcbccdf0999f1c1d21cb0197d2e9fcfd5cf7bb1c4af a257003cd3c27f637b67c2e02daa4381b6762a98abbd331912492c04685e58bdd927f15fd6fc4b52125dc95fb76cff97
SERVER_TRAFFIC_SECRET_0 4805ea216b2536828c622fcbccdf0999f1c1d21cb0197d2e9fcfd5cf7bb1c4af e52ce883080fe0f3f9781329aa9b47695adc994efec8a5bc25c8a922ca502f92fbcc40f9e0313bf5f54111198d2d94b1
EXPORTER_SECRET 4805ea216b2536828c622fcbccdf0999f1c1d21cb0197d2e9fcfd5cf7bb1c4af d8554c7d31fc8801db144495e72ae3b7732d515cf4bdeb10eff81e2b3ee9c9a60f4c7bff5a00ecc72355e9e2bbf707da
CLIENT_HANDSHAKE_TRAFFIC_SECRET bf46f834d2313731f2a2a721bf01a27e089f76094164aac856ca2a826a033f78 7dea134561e7ee10b92f18acae1b683cd82c12cc9ea7344e6f4f3df5352817d91a1725f27b65de3de7b9d4d5a0940d64
SERVER_HANDSHAKE_TRAFFIC_SECRET bf46f834d2313731f2a2a721bf01a27e089f76094164aac856ca2a826a033f78 b3535186d0b4efd459a55fc13adb43ef72f18adcb814ef3dbb545ff3ed70aa28746a0c6ddb31305954b12994684a22c0
CLIENT_TRAFFIC_SECRET_0 bf46f834d2313731f2a2a721bf01a27e089f76094164aac856ca2a826a033f78 719458c0e8dcca3ec275f0222a0935f77270eb6bb85d52992d5a3a800d93ac05fab03b53223c47e0fd1461249ea137a4
SERVER_TRAFFIC_SECRET_0 bf46f834d2313731f2a2a721bf01a27e089f76094164aac856ca2a826a033f78 4af25ebe66bc0996222ecacdf264defbfaeb146d3b6cd4cd5018d8e69fba69d17e2b56a3e051056bbec39a8f8017517a
EXPORTER_SECRET bf46f834d2313731f2a2a721bf01a27e089f76094164aac856ca2a826a033f78 def6e70731039b9866950d3fd6ba12f1c98a1d45dfeb5279b619374f1fb597d309f1a7b1471e63253a786f676e52a025
CLIENT_HANDSHAKE_TRAFFIC_SECRET e3d473b9772f14a5b09aa4755a55f8fa57f16aa97be467a212cbbbe9bb0bf0ae ec83269f470a6d8b1a33d3e4a5f921a524936eb8e64db7ef02afdaa999a33f06b184ccda73b48e947debdf1ae7ca4860
SERVER_HANDSHAKE_TRAFFIC_SECRET e3d473b9772f14a5b09aa4755a55f8fa57f16aa97be467a212cbbbe9bb0bf0ae ad078a4c2af8f89324387848af60a55c1cdad6953a284bf0fa5118d6bf31ae526af82421b3b6ebc843e7d0d989b3fdce
CLIENT_TRAFFIC_SECRET_0 e3d473b9772f14a5b09aa4755a55f8fa57f16aa97be467a212cbbbe9bb0bf0ae d7eb0c87e79b77a6d53ca19ae88dd16d175fb1e21ca387a035c69f2ee70d3c8418633cbed943fb23753bcd2715d69c43
SERVER_TRAFFIC_SECRET_0 e3d473b9772f14a5b09aa4755a55f8fa57f16aa97be467a212cbbbe9bb0bf0ae ce4903cc209ab64de73a942c759a0375d5559ac0ebacc3aa9a341bb667c34a97a059df876f8200d678ee45ac907f502d
EXPORTER_SECRET e3d473b9772f14a5b09aa4755a55f8fa57f16aa97be467a212cbbbe9bb0bf0ae 3f4707bc1173f5f7c0852eac403f4645b18bdd7328a903cb350ba9a14e157f8a165ac858338c14365352812472ca261f
CLIENT_HANDSHAKE_TRAFFIC_SECRET 271096591fd8592f7c14b211e768b325151d6b8ef894b44194e4294373c65a91 b5858f790632d58b5f9a8f466771c0fadaefd3a1cd6f644f8239a3e304fc455f7ef833039a556596d73a36fba325510c
SERVER_HANDSHAKE_TRAFFIC_SECRET 271096591fd8592f7c14b211e768b325151d6b8ef894b44194e4294373c65a91 e8eaefaa5b28814f255fd9a7137e31ecd7f7ac7f01f5cc3852adcb586401d10b495a51d5ddc277c44b833d230b6c48b5
CLIENT_TRAFFIC_SECRET_0 271096591fd8592f7c14b211e768b325151d6b8ef894b44194e4294373c65a91 0ccf26af814bdb919e9664a0fe1af6f5a9209a7b0b343f83a00a14d9898b269922ebd3869bc100af76d171319af1c18c
SERVER_TRAFFIC_SECRET_0 271096591fd8592f7c14b211e768b325151d6b8ef894b44194e4294373c65a91 c45d2f37f6550b0cfa11a8c1be4588be2811a771cc548b732c15beeca8af6dc11ec81b80898210729ba997bd2d47e470
EXPORTER_SECRET 271096591fd8592f7c14b211e768b325151d6b8ef894b44194e4294373c65a91 6390669a1729df27f3a304fe93ec0c9b31a7b45811cef37efe5615986b7f57aa914eae85834aa0ab009c61eb90993ff3
CLIENT_HANDSHAKE_TRAFFIC_SECRET 3df5f2a91f13d1a199ccf443a4bbbf3eb82998b1bf2c39a0bc63854f9c0f3ced 75397f5b14b289ad2a1b8acd4518fae4611f65a3316fc63f26bee3ea6f15489c
SERVER_HANDSHAKE_TRAFFIC_SECRET 3df5f2a91f13d1a199ccf443a4bbbf3eb82998b1bf2c39a0bc63854f9c0f3ced 71107ede4129b849ee85d232494aa9cfa44e6d4c5b3297c93dd5f65309f43505
CLIENT_TRAFFIC_SECRET_0 3df5f2a91f13d1a199ccf443a4bbbf3eb82998b1bf2c39a0bc63854f9c0f3ced 75de28628ef746c41114574647e8818167faf1d5466155a1f42c34a12b625815
SERVER_TRAFFIC_SECRET_0 3df5f2a91f13d1a199ccf443a4bbbf3eb82998b1bf2c39a0bc63854f9c0f3ced 5d74e28d080be47e44e7007f1bcce31b6ee498a55009113635cd94f17c5a1f19
EXPORTER_SECRET 3df5f2a91f13d1a199ccf443a4bbbf3eb82998b1bf2c39a0bc63854f9c0f3ced 34bfe90eb0cade0815f9f0f7030a1f9e271ee9d90b22d4685d53a6ec52b0e36f
CLIENT_HANDSHAKE_TRAFFIC_SECRET e1dc1476d1646ee7726d0d1db9cc4522f878585d96de5c044a9127adcb04c6c8 9614e32c1ac3812565e0f4e5c9a54b53a15a1cc75e1a732558856c30303fecd8
SERVER_HANDSHAKE_TRAFFIC_SECRET e1dc1476d1646ee7726d0d1db9cc4522f878585d96de5c044a9127adcb04c6c8 075395423f5e9858fc2eb66f9726c5eba324cc4a9d01117cf4fde5cb82854a9e
CLIENT_TRAFFIC_SECRET_0 e1dc1476d1646ee7726d0d1db9cc4522f878585d96de5c044a9127adcb04c6c8 d9a38e68be911f35d0c29552b30c11f0f920a7a5db59a9637f2e050c8ca2e4d1
SERVER_TRAFFIC_SECRET_0 e1dc1476d1646ee7726d0d1db9cc4522f878585d96de5c044a9127adcb04c6c8 27178ad1df619b96933d7157e5857a6425183edc46b2cd4f157fb6445f1665de
EXPORTER_SECRET e1dc1476d1646ee7726d0d1db9cc4522f878585d96de5c044a9127adcb04c6c8 e81337646ebd80628eada1070fac03ed6d48438105df3418911c7dfc7beda634
